2025-08-05 19:06:56 - ---- Starting Server Health Check ----
2025-08-05 19:06:56 - Checking the disk usage...
2025-08-05 19:06:56 - OK: Disk usage is 68%
2025-08-05 19:06:56 - Checking memory usage....
2025-08-05 19:06:56 - OK: Memory usage is at 60%.
2025-08-05 19:06:56 - Checking CPU Load...
2025-08-05 19:06:56 - OK: The CPU Load is 2%.
2025-08-05 19:06:56 - ---- Server Health Check Finished ----
2025-08-05 19:10:20 - ---- Starting Server Health Check ----
2025-08-05 19:10:20 - Checking the disk usage...
2025-08-05 19:10:24 - ALERT SENT via ntfy: Title: High Disk Usage - Details: Disk Usage on / is at 68%
2025-08-05 19:10:24 - Checking memory usage....
2025-08-05 19:10:24 - OK: Memory usage is at 60%.
2025-08-05 19:10:24 - Checking CPU Load...
2025-08-05 19:10:24 - OK: The CPU Load is 2%.
2025-08-05 19:10:24 - ---- Server Health Check Finished ----
2025-08-05 19:20:19 - ---- Starting Server Health Check ----
2025-08-05 19:20:19 - Checking the disk usage...
2025-08-05 19:20:21 - ALERT SENT via ntfy: Title: High Disk Usage - Details: Disk Usage on / is at 68%
2025-08-05 19:20:21 - Checking memory usage....
2025-08-05 19:20:21 - OK: Memory usage is at 60%.
2025-08-05 19:20:21 - Checking CPU Load...
2025-08-05 19:20:21 - OK: The CPU Load is 0%.
2025-08-05 19:20:21 - ---- Server Health Check Finished ----
